<?xml version="1.0" encoding="UTF-8" ?>
<testsuites name="vitest tests" tests="165" failures="0" errors="0" time="0.6337336">
    <testsuite name="src/__tests__/accessibility_layout.test.tsx" timestamp="2026-08-10T08:41:06.201Z" hostname="HP_VICTUS_" tests="20" failures="0" errors="0" skipped="0" time="0.0108363">
        <testcase classname="src/__tests__/accessibility_layout.test.tsx" name="AgriNex Accessibility, Themes &amp; Responsive Layout Suite (20 Tests) &gt; ARIA &amp; Screen Reader Accessibility &gt; 1. ensures interactive buttons have descriptive aria-label attributes" time="0.0031856">
        </testcase>
        <testcase classname="src/__tests__/accessibility_layout.test.tsx" name="AgriNex Accessibility, Themes &amp; Responsive Layout Suite (20 Tests) &gt; ARIA &amp; Screen Reader Accessibility &gt; 2. ensures form inputs have corresponding aria-describedby for errors" time="0.0004749">
        </testcase>
        <testcase classname="src/__tests__/accessibility_layout.test.tsx" name="AgriNex Accessibility, Themes &amp; Responsive Layout Suite (20 Tests) &gt; ARIA &amp; Screen Reader Accessibility &gt; 3. verifies icon-only buttons include screen reader sr-only text span" time="0.0002678">
        </testcase>
        <testcase classname="src/__tests__/accessibility_layout.test.tsx" name="AgriNex Accessibility, Themes &amp; Responsive Layout Suite (20 Tests) &gt; ARIA &amp; Screen Reader Accessibility &gt; 4. ensures navigation menus use semantic nav tag and aria-current" time="0.0002736">
        </testcase>
        <testcase classname="src/__tests__/accessibility_layout.test.tsx" name="AgriNex Accessibility, Themes &amp; Responsive Layout Suite (20 Tests) &gt; ARIA &amp; Screen Reader Accessibility &gt; 5. ensures image elements possess mandatory alt text description" time="0.0003595">
        </testcase>
        <testcase classname="src/__tests__/accessibility_layout.test.tsx" name="AgriNex Accessibility, Themes &amp; Responsive Layout Suite (20 Tests) &gt; Keyboard Navigation &amp; Focus Management &gt; 6. ensures tabIndex 0 for custom interactive element keyboard focus" time="0.0002772">
        </testcase>
        <testcase classname="src/__tests__/accessibility_layout.test.tsx" name="AgriNex Accessibility, Themes &amp; Responsive Layout Suite (20 Tests) &gt; Keyboard Navigation &amp; Focus Management &gt; 7. checks focus visible ring style indicator on button focus" time="0.0003813">
        </testcase>
        <testcase classname="src/__tests__/accessibility_layout.test.tsx" name="AgriNex Accessibility, Themes &amp; Responsive Layout Suite (20 Tests) &gt; Keyboard Navigation &amp; Focus Management &gt; 8. handles Enter and Space key activation on custom buttons" time="0.0003123">
        </testcase>
        <testcase classname="src/__tests__/accessibility_layout.test.tsx" name="AgriNex Accessibility, Themes &amp; Responsive Layout Suite (20 Tests) &gt; Keyboard Navigation &amp; Focus Management &gt; 9. traps focus inside open modal dialog overlay" time="0.0003063">
        </testcase>
        <testcase classname="src/__tests__/accessibility_layout.test.tsx" name="AgriNex Accessibility, Themes &amp; Responsive Layout Suite (20 Tests) &gt; Keyboard Navigation &amp; Focus Management &gt; 10. restores focus to trigger button upon closing modal" time="0.0003486">
        </testcase>
        <testcase classname="src/__tests__/accessibility_layout.test.tsx" name="AgriNex Accessibility, Themes &amp; Responsive Layout Suite (20 Tests) &gt; Dark Mode &amp; Theme Switching &gt; 11. toggles root HTML dark class on theme switcher trigger" time="0.0002177">
        </testcase>
        <testcase classname="src/__tests__/accessibility_layout.test.tsx" name="AgriNex Accessibility, Themes &amp; Responsive Layout Suite (20 Tests) &gt; Dark Mode &amp; Theme Switching &gt; 12. persists selected theme choice in localStorage" time="0.0001992">
        </testcase>
        <testcase classname="src/__tests__/accessibility_layout.test.tsx" name="AgriNex Accessibility, Themes &amp; Responsive Layout Suite (20 Tests) &gt; Dark Mode &amp; Theme Switching &gt; 13. applies high contrast background tokens in dark mode" time="0.0001863">
        </testcase>
        <testcase classname="src/__tests__/accessibility_layout.test.tsx" name="AgriNex Accessibility, Themes &amp; Responsive Layout Suite (20 Tests) &gt; Dark Mode &amp; Theme Switching &gt; 14. preserves system color scheme match-media preference default" time="0.0002152">
        </testcase>
        <testcase classname="src/__tests__/accessibility_layout.test.tsx" name="AgriNex Accessibility, Themes &amp; Responsive Layout Suite (20 Tests) &gt; Dark Mode &amp; Theme Switching &gt; 15. verifies color contrast ratios meet WCAG AA standards (&gt;4.5:1)" time="0.0001721">
        </testcase>
        <testcase classname="src/__tests__/accessibility_layout.test.tsx" name="AgriNex Accessibility, Themes &amp; Responsive Layout Suite (20 Tests) &gt; Responsive Layout Breakpoints &amp; Viewports &gt; 16. collapses navigation menu into hamburger drawer on mobile viewport (&lt;768px)" time="0.0001703">
        </testcase>
        <testcase classname="src/__tests__/accessibility_layout.test.tsx" name="AgriNex Accessibility, Themes &amp; Responsive Layout Suite (20 Tests) &gt; Responsive Layout Breakpoints &amp; Viewports &gt; 17. renders multi-column layout on desktop viewports (&gt;=1024px)" time="0.0002014">
        </testcase>
        <testcase classname="src/__tests__/accessibility_layout.test.tsx" name="AgriNex Accessibility, Themes &amp; Responsive Layout Suite (20 Tests) &gt; Responsive Layout Breakpoints &amp; Viewports &gt; 18. adapts touch target sizes for mobile touch devices (min 44x44px)" time="0.0001892">
        </testcase>
        <testcase classname="src/__tests__/accessibility_layout.test.tsx" name="AgriNex Accessibility, Themes &amp; Responsive Layout Suite (20 Tests) &gt; Responsive Layout Breakpoints &amp; Viewports &gt; 19. prevents horizontal layout overflow on small screens" time="0.0002011">
        </testcase>
        <testcase classname="src/__tests__/accessibility_layout.test.tsx" name="AgriNex Accessibility, Themes &amp; Responsive Layout Suite (20 Tests) &gt; Responsive Layout Breakpoints &amp; Viewports &gt; 20. adjusts typography scale smoothly across screen sizes" time="0.0001498">
        </testcase>
    </testsuite>
    <testsuite name="src/__tests__/agrinex-web.test.tsx" timestamp="2026-08-10T08:41:06.213Z" hostname="HP_VICTUS_" tests="14" failures="0" errors="0" skipped="0" time="0.0126237">
        <testcase classname="src/__tests__/agrinex-web.test.tsx" name="AgriNex Web Application Automated Test Suite &gt; 1. Authentication &amp; Routing &gt; renders login form components correctly" time="0.0025066">
        </testcase>
        <testcase classname="src/__tests__/agrinex-web.test.tsx" name="AgriNex Web Application Automated Test Suite &gt; 1. Authentication &amp; Routing &gt; validates email address format and required password field" time="0.0006627">
        </testcase>
        <testcase classname="src/__tests__/agrinex-web.test.tsx" name="AgriNex Web Application Automated Test Suite &gt; 1. Authentication &amp; Routing &gt; verifies protected route guards redirect unauthenticated users" time="0.0003004">
        </testcase>
        <testcase classname="src/__tests__/agrinex-web.test.tsx" name="AgriNex Web Application Automated Test Suite &gt; 1. Authentication &amp; Routing &gt; persists JWT access token in auth store upon login" time="0.0004255">
        </testcase>
        <testcase classname="src/__tests__/agrinex-web.test.tsx" name="AgriNex Web Application Automated Test Suite &gt; 2. Farmer Community UI &amp; Social State &gt; renders community feed post list with author metadata" time="0.0005043">
        </testcase>
        <testcase classname="src/__tests__/agrinex-web.test.tsx" name="AgriNex Web Application Automated Test Suite &gt; 2. Farmer Community UI &amp; Social State &gt; toggles post like status interactively" time="0.0002822">
        </testcase>
        <testcase classname="src/__tests__/agrinex-web.test.tsx" name="AgriNex Web Application Automated Test Suite &gt; 3. Direct Messaging UI &gt; loads active conversation list and latest message snippet" time="0.0002684">
        </testcase>
        <testcase classname="src/__tests__/agrinex-web.test.tsx" name="AgriNex Web Application Automated Test Suite &gt; 3. Direct Messaging UI &gt; sends direct message and appends to chat stream" time="0.0003113">
        </testcase>
        <testcase classname="src/__tests__/agrinex-web.test.tsx" name="AgriNex Web Application Automated Test Suite &gt; 4. Crop Scanner &amp; AI Diagnostic UI &gt; handles leaf image upload file selection" time="0.0031061">
        </testcase>
        <testcase classname="src/__tests__/agrinex-web.test.tsx" name="AgriNex Web Application Automated Test Suite &gt; 4. Crop Scanner &amp; AI Diagnostic UI &gt; renders disease diagnostic result card with confidence badge" time="0.0003952">
        </testcase>
        <testcase classname="src/__tests__/agrinex-web.test.tsx" name="AgriNex Web Application Automated Test Suite &gt; 5. Weather &amp; Market Price Widgets &gt; parses weather forecast response into daily forecast cards" time="0.0002687">
        </testcase>
        <testcase classname="src/__tests__/agrinex-web.test.tsx" name="AgriNex Web Application Automated Test Suite &gt; 5. Weather &amp; Market Price Widgets &gt; displays mandi commodity price trends" time="0.0001733">
        </testcase>
        <testcase classname="src/__tests__/agrinex-web.test.tsx" name="AgriNex Web Application Automated Test Suite &gt; 6. Accessibility &amp; Responsive Theme &gt; supports dark mode theme class toggle on HTML root element" time="0.0001609">
        </testcase>
        <testcase classname="src/__tests__/agrinex-web.test.tsx" name="AgriNex Web Application Automated Test Suite &gt; 6. Accessibility &amp; Responsive Theme &gt; verifies ARIA accessibility attributes on interactive buttons" time="0.0002469">
        </testcase>
    </testsuite>
    <testsuite name="src/__tests__/community_ui.test.tsx" timestamp="2026-08-10T08:41:06.215Z" hostname="HP_VICTUS_" tests="25" failures="0" errors="0" skipped="0" time="0.0148802">
        <testcase classname="src/__tests__/community_ui.test.tsx" name="AgriNex Farmer Community UI Suite (25 Tests) &gt; Post Creation &amp; Input UI &gt; 1. renders post editor text area with character counter" time="0.0031724">
        </testcase>
        <testcase classname="src/__tests__/community_ui.test.tsx" name="AgriNex Farmer Community UI Suite (25 Tests) &gt; Post Creation &amp; Input UI &gt; 2. enables post submit button when content is present" time="0.000501">
        </testcase>
        <testcase classname="src/__tests__/community_ui.test.tsx" name="AgriNex Farmer Community UI Suite (25 Tests) &gt; Post Creation &amp; Input UI &gt; 3. disables post submit button when text is empty space" time="0.0002883">
        </testcase>
        <testcase classname="src/__tests__/community_ui.test.tsx" name="AgriNex Farmer Community UI Suite (25 Tests) &gt; Post Creation &amp; Input UI &gt; 4. previews selected image attachment before posting" time="0.0002936">
        </testcase>
        <testcase classname="src/__tests__/community_ui.test.tsx" name="AgriNex Farmer Community UI Suite (25 Tests) &gt; Post Creation &amp; Input UI &gt; 5. allows removing uploaded image thumbnail preview" time="0.0002827">
        </testcase>
        <testcase classname="src/__tests__/community_ui.test.tsx" name="AgriNex Farmer Community UI Suite (25 Tests) &gt; Post Creation &amp; Input UI &gt; 6. attaches crop category tag to post payload" time="0.0002403">
        </testcase>
        <testcase classname="src/__tests__/community_ui.test.tsx" name="AgriNex Farmer Community UI Suite (25 Tests) &gt; Post Creation &amp; Input UI &gt; 7. parses hashtags automatically from post content" time="0.0012048">
        </testcase>
        <testcase classname="src/__tests__/community_ui.test.tsx" name="AgriNex Farmer Community UI Suite (25 Tests) &gt; Social Interactions &amp; Feed UI &gt; 8. renders list of community feed posts" time="0.0003368">
        </testcase>
        <testcase classname="src/__tests__/community_ui.test.tsx" name="AgriNex Farmer Community UI Suite (25 Tests) &gt; Social Interactions &amp; Feed UI &gt; 9. toggles post like button state dynamically" time="0.0003836">
        </testcase>
        <testcase classname="src/__tests__/community_ui.test.tsx" name="AgriNex Farmer Community UI Suite (25 Tests) &gt; Social Interactions &amp; Feed UI &gt; 10. opens comment input box on post comment button click" time="0.0003044">
        </testcase>
        <testcase classname="src/__tests__/community_ui.test.tsx" name="AgriNex Farmer Community UI Suite (25 Tests) &gt; Social Interactions &amp; Feed UI &gt; 11. appends new comment to post comments list" time="0.0003003">
        </testcase>
        <testcase classname="src/__tests__/community_ui.test.tsx" name="AgriNex Farmer Community UI Suite (25 Tests) &gt; Social Interactions &amp; Feed UI &gt; 12. displays comment timestamp relative format (e.g. 2h ago)" time="0.0003462">
        </testcase>
        <testcase classname="src/__tests__/community_ui.test.tsx" name="AgriNex Farmer Community UI Suite (25 Tests) &gt; Social Interactions &amp; Feed UI &gt; 13. supports bookmarking/saving posts to user saved list" time="0.0001861">
        </testcase>
        <testcase classname="src/__tests__/community_ui.test.tsx" name="AgriNex Farmer Community UI Suite (25 Tests) &gt; Social Interactions &amp; Feed UI &gt; 14. displays share modal options (Copy Link, WhatsApp)" time="0.0012271">
        </testcase>
        <testcase classname="src/__tests__/community_ui.test.tsx" name="AgriNex Farmer Community UI Suite (25 Tests) &gt; Social Interactions &amp; Feed UI &gt; 15. filters feed posts by crop category tab" time="0.0003961">
        </testcase>
        <testcase classname="src/__tests__/community_ui.test.tsx" name="AgriNex Farmer Community UI Suite (25 Tests) &gt; Search &amp; Media Lightbox UI &gt; 16. updates search results dynamically on input query" time="0.0002985">
        </testcase>
        <testcase classname="src/__tests__/community_ui.test.tsx" name="AgriNex Farmer Community UI Suite (25 Tests) &gt; Search &amp; Media Lightbox UI &gt; 17. opens full-screen image lightbox on post image click" time="0.0002248">
        </testcase>
        <testcase classname="src/__tests__/community_ui.test.tsx" name="AgriNex Farmer Community UI Suite (25 Tests) &gt; Search &amp; Media Lightbox UI &gt; 18. navigates next/prev images inside image lightbox modal" time="0.0001994">
        </testcase>
        <testcase classname="src/__tests__/community_ui.test.tsx" name="AgriNex Farmer Community UI Suite (25 Tests) &gt; Search &amp; Media Lightbox UI &gt; 19. closes lightbox on Escape key or backdrop click" time="0.0001839">
        </testcase>
        <testcase classname="src/__tests__/community_ui.test.tsx" name="AgriNex Farmer Community UI Suite (25 Tests) &gt; Search &amp; Media Lightbox UI &gt; 20. renders report post confirmation modal" time="0.0002502">
        </testcase>
        <testcase classname="src/__tests__/community_ui.test.tsx" name="AgriNex Farmer Community UI Suite (25 Tests) &gt; Search &amp; Media Lightbox UI &gt; 21. displays verified agronomist badge on author header" time="0.0002669">
        </testcase>
        <testcase classname="src/__tests__/community_ui.test.tsx" name="AgriNex Farmer Community UI Suite (25 Tests) &gt; Search &amp; Media Lightbox UI &gt; 22. displays empty feed state message when search yields no posts" time="0.0002893">
        </testcase>
        <testcase classname="src/__tests__/community_ui.test.tsx" name="AgriNex Farmer Community UI Suite (25 Tests) &gt; Search &amp; Media Lightbox UI &gt; 23. renders infinite scroll spinner loader at feed bottom" time="0.0001767">
        </testcase>
        <testcase classname="src/__tests__/community_ui.test.tsx" name="AgriNex Farmer Community UI Suite (25 Tests) &gt; Search &amp; Media Lightbox UI &gt; 24. formats large numbers (e.g. 1.2k likes)" time="0.000238">
        </testcase>
        <testcase classname="src/__tests__/community_ui.test.tsx" name="AgriNex Farmer Community UI Suite (25 Tests) &gt; Search &amp; Media Lightbox UI &gt; 25. supports user follow button state toggle (Follow / Following)" time="0.00017">
        </testcase>
    </testsuite>
    <testsuite name="src/__tests__/components.test.tsx" timestamp="2026-08-10T08:41:06.219Z" hostname="HP_VICTUS_" tests="30" failures="0" errors="0" skipped="0" time="0.0161081">
        <testcase classname="src/__tests__/components.test.tsx" name="AgriNex UI Component Library Tests (30 Tests) &gt; Button Component &gt; 1. renders primary variant button with correct styles" time="0.0031676">
        </testcase>
        <testcase classname="src/__tests__/components.test.tsx" name="AgriNex UI Component Library Tests (30 Tests) &gt; Button Component &gt; 2. handles secondary button variant props" time="0.0007876">
        </testcase>
        <testcase classname="src/__tests__/components.test.tsx" name="AgriNex UI Component Library Tests (30 Tests) &gt; Button Component &gt; 3. disables button when disabled prop is true" time="0.0003199">
        </testcase>
        <testcase classname="src/__tests__/components.test.tsx" name="AgriNex UI Component Library Tests (30 Tests) &gt; Button Component &gt; 4. displays loading spinner state on button click" time="0.0003654">
        </testcase>
        <testcase classname="src/__tests__/components.test.tsx" name="AgriNex UI Component Library Tests (30 Tests) &gt; Button Component &gt; 5. triggers onClick handler callback" time="0.0005066">
        </testcase>
        <testcase classname="src/__tests__/components.test.tsx" name="AgriNex UI Component Library Tests (30 Tests) &gt; Input &amp; Form Components &gt; 6. renders text input with placeholder text" time="0.0003264">
        </testcase>
        <testcase classname="src/__tests__/components.test.tsx" name="AgriNex UI Component Library Tests (30 Tests) &gt; Input &amp; Form Components &gt; 7. renders password input with hidden text masking" time="0.0002627">
        </testcase>
        <testcase classname="src/__tests__/components.test.tsx" name="AgriNex UI Component Library Tests (30 Tests) &gt; Input &amp; Form Components &gt; 8. validates input error message state" time="0.0002755">
        </testcase>
        <testcase classname="src/__tests__/components.test.tsx" name="AgriNex UI Component Library Tests (30 Tests) &gt; Input &amp; Form Components &gt; 9. supports input search icon decoration" time="0.0003708">
        </testcase>
        <testcase classname="src/__tests__/components.test.tsx" name="AgriNex UI Component Library Tests (30 Tests) &gt; Input &amp; Form Components &gt; 10. handles textarea auto-grow rows property" time="0.0003076">
        </testcase>
        <testcase classname="src/__tests__/components.test.tsx" name="AgriNex UI Component Library Tests (30 Tests) &gt; Card &amp; Container Components &gt; 11. renders post card with border shadow elevation" time="0.0002621">
        </testcase>
        <testcase classname="src/__tests__/components.test.tsx" name="AgriNex UI Component Library Tests (30 Tests) &gt; Card &amp; Container Components &gt; 12. renders crop diagnostic card header image" time="0.0003563">
        </testcase>
        <testcase classname="src/__tests__/components.test.tsx" name="AgriNex UI Component Library Tests (30 Tests) &gt; Card &amp; Container Components &gt; 13. handles collapsible card expand state" time="0.000207">
        </testcase>
        <testcase classname="src/__tests__/components.test.tsx" name="AgriNex UI Component Library Tests (30 Tests) &gt; Card &amp; Container Components &gt; 14. supports dark mode container background class" time="0.0002096">
        </testcase>
        <testcase classname="src/__tests__/components.test.tsx" name="AgriNex UI Component Library Tests (30 Tests) &gt; Card &amp; Container Components &gt; 15. renders responsive grid layout container" time="0.000407">
        </testcase>
        <testcase classname="src/__tests__/components.test.tsx" name="AgriNex UI Component Library Tests (30 Tests) &gt; Avatar &amp; User Badges &gt; 16. renders user avatar image with alt text" time="0.0004578">
        </testcase>
        <testcase classname="src/__tests__/components.test.tsx" name="AgriNex UI Component Library Tests (30 Tests) &gt; Avatar &amp; User Badges &gt; 17. renders fallback initials when avatar image missing" time="0.0003165">
        </testcase>
        <testcase classname="src/__tests__/components.test.tsx" name="AgriNex UI Component Library Tests (30 Tests) &gt; Avatar &amp; User Badges &gt; 18. displays verified badge on verified farmer profiles" time="0.0003189">
        </testcase>
        <testcase classname="src/__tests__/components.test.tsx" name="AgriNex UI Component Library Tests (30 Tests) &gt; Avatar &amp; User Badges &gt; 19. displays online status green indicator dot" time="0.0002085">
        </testcase>
        <testcase classname="src/__tests__/components.test.tsx" name="AgriNex UI Component Library Tests (30 Tests) &gt; Avatar &amp; User Badges &gt; 20. renders user role tag badge (Agronomist / Expert)" time="0.000258">
        </testcase>
        <testcase classname="src/__tests__/components.test.tsx" name="AgriNex UI Component Library Tests (30 Tests) &gt; Modal &amp; Dialog Components &gt; 21. renders open modal dialog overlay" time="0.0002329">
        </testcase>
        <testcase classname="src/__tests__/components.test.tsx" name="AgriNex UI Component Library Tests (30 Tests) &gt; Modal &amp; Dialog Components &gt; 22. closes modal when backdrop is clicked" time="0.0002863">
        </testcase>
        <testcase classname="src/__tests__/components.test.tsx" name="AgriNex UI Component Library Tests (30 Tests) &gt; Modal &amp; Dialog Components &gt; 23. locks body scroll when modal active" time="0.0001884">
        </testcase>
        <testcase classname="src/__tests__/components.test.tsx" name="AgriNex UI Component Library Tests (30 Tests) &gt; Modal &amp; Dialog Components &gt; 24. renders modal header title and close button" time="0.0002342">
        </testcase>
        <testcase classname="src/__tests__/components.test.tsx" name="AgriNex UI Component Library Tests (30 Tests) &gt; Modal &amp; Dialog Components &gt; 25. renders full-screen lightbox modal for image view" time="0.000167">
        </testcase>
        <testcase classname="src/__tests__/components.test.tsx" name="AgriNex UI Component Library Tests (30 Tests) &gt; Spinners, Skeleton &amp; Badges &gt; 26. renders pulse skeleton loader while fetching feeds" time="0.0002708">
        </testcase>
        <testcase classname="src/__tests__/components.test.tsx" name="AgriNex UI Component Library Tests (30 Tests) &gt; Spinners, Skeleton &amp; Badges &gt; 27. displays notification unread counter badge count" time="0.0001824">
        </testcase>
        <testcase classname="src/__tests__/components.test.tsx" name="AgriNex UI Component Library Tests (30 Tests) &gt; Spinners, Skeleton &amp; Badges &gt; 28. hides counter badge when unread count is zero" time="0.0001668">
        </testcase>
        <testcase classname="src/__tests__/components.test.tsx" name="AgriNex UI Component Library Tests (30 Tests) &gt; Spinners, Skeleton &amp; Badges &gt; 29. renders progress bar confidence percentage meter" time="0.0004183">
        </testcase>
        <testcase classname="src/__tests__/components.test.tsx" name="AgriNex UI Component Library Tests (30 Tests) &gt; Spinners, Skeleton &amp; Badges &gt; 30. renders customizable tooltip component" time="0.0002118">
        </testcase>
    </testsuite>
    <testsuite name="src/__tests__/crop_scanner_ui.test.tsx" timestamp="2026-08-10T08:41:06.225Z" hostname="HP_VICTUS_" tests="20" failures="0" errors="0" skipped="0" time="0.0111051">
        <testcase classname="src/__tests__/crop_scanner_ui.test.tsx" name="AgriNex AI Crop Scanner UI Suite (20 Tests) &gt; File Drag &amp; Drop Upload Zone &gt; 1. renders leaf image dropzone with upload prompt" time="0.0026377">
        </testcase>
        <testcase classname="src/__tests__/crop_scanner_ui.test.tsx" name="AgriNex AI Crop Scanner UI Suite (20 Tests) &gt; File Drag &amp; Drop Upload Zone &gt; 2. validates uploaded file format type (JPEG/PNG only)" time="0.0005594">
        </testcase>
        <testcase classname="src/__tests__/crop_scanner_ui.test.tsx" name="AgriNex AI Crop Scanner UI Suite (20 Tests) &gt; File Drag &amp; Drop Upload Zone &gt; 3. checks maximum upload file size limit (10MB)" time="0.0003654">
        </testcase>
        <testcase classname="src/__tests__/crop_scanner_ui.test.tsx" name="AgriNex AI Crop Scanner UI Suite (20 Tests) &gt; File Drag &amp; Drop Upload Zone &gt; 4. previews selected crop leaf image thumbnail" time="0.0003142">
        </testcase>
        <testcase classname="src/__tests__/crop_scanner_ui.test.tsx" name="AgriNex AI Crop Scanner UI Suite (20 Tests) &gt; File Drag &amp; Drop Upload Zone &gt; 5. triggers camera capture overlay modal on mobile UI click" time="0.0002553">
        </testcase>
        <testcase classname="src/__tests__/crop_scanner_ui.test.tsx" name="AgriNex AI Crop Scanner UI Suite (20 Tests) &gt; Diagnostic Progress &amp; Meter UI &gt; 6. displays animated processing spinner during AI scanning" time="0.0002942">
        </testcase>
        <testcase classname="src/__tests__/crop_scanner_ui.test.tsx" name="AgriNex AI Crop Scanner UI Suite (20 Tests) &gt; Diagnostic Progress &amp; Meter UI &gt; 7. renders step indicator sequence (Uploading -&gt; Analyzing -&gt; Diagnosing)" time="0.0002622">
        </testcase>
        <testcase classname="src/__tests__/crop_scanner_ui.test.tsx" name="AgriNex AI Crop Scanner UI Suite (20 Tests) &gt; Diagnostic Progress &amp; Meter UI &gt; 8. renders confidence percentage meter bar (&gt;80% target)" time="0.0002424">
        </testcase>
        <testcase classname="src/__tests__/crop_scanner_ui.test.tsx" name="AgriNex AI Crop Scanner UI Suite (20 Tests) &gt; Diagnostic Progress &amp; Meter UI &gt; 9. colors confidence meter green for high confidence diagnosis" time="0.0003075">
        </testcase>
        <testcase classname="src/__tests__/crop_scanner_ui.test.tsx" name="AgriNex AI Crop Scanner UI Suite (20 Tests) &gt; Diagnostic Progress &amp; Meter UI &gt; 10. colors confidence meter yellow/amber for medium confidence" time="0.0003077">
        </testcase>
        <testcase classname="src/__tests__/crop_scanner_ui.test.tsx" name="AgriNex AI Crop Scanner UI Suite (20 Tests) &gt; Diagnostic Result &amp; Recommendation Breakdown &gt; 11. renders detected crop name badge (e.g. Tomato / Wheat)" time="0.0002383">
        </testcase>
        <testcase classname="src/__tests__/crop_scanner_ui.test.tsx" name="AgriNex AI Crop Scanner UI Suite (20 Tests) &gt; Diagnostic Result &amp; Recommendation Breakdown &gt; 12. renders detected disease diagnosis name heading" time="0.0002285">
        </testcase>
        <testcase classname="src/__tests__/crop_scanner_ui.test.tsx" name="AgriNex AI Crop Scanner UI Suite (20 Tests) &gt; Diagnostic Result &amp; Recommendation Breakdown &gt; 13. renders organic remedy treatment step breakdown list" time="0.0001721">
        </testcase>
        <testcase classname="src/__tests__/crop_scanner_ui.test.tsx" name="AgriNex AI Crop Scanner UI Suite (20 Tests) &gt; Diagnostic Result &amp; Recommendation Breakdown &gt; 14. renders chemical treatment fungicide dosage recommendation" time="0.0002052">
        </testcase>
        <testcase classname="src/__tests__/crop_scanner_ui.test.tsx" name="AgriNex AI Crop Scanner UI Suite (20 Tests) &gt; Diagnostic Result &amp; Recommendation Breakdown &gt; 15. renders prevention &amp; preventive measures advice card" time="0.0001453">
        </testcase>
        <testcase classname="src/__tests__/crop_scanner_ui.test.tsx" name="AgriNex AI Crop Scanner UI Suite (20 Tests) &gt; Diagnostic Result &amp; Recommendation Breakdown &gt; 16. displays severity level warning badge (Low / Moderate / Severe)" time="0.0001953">
        </testcase>
        <testcase classname="src/__tests__/crop_scanner_ui.test.tsx" name="AgriNex AI Crop Scanner UI Suite (20 Tests) &gt; Diagnostic Result &amp; Recommendation Breakdown &gt; 17. allows exporting diagnosis result card as PDF report" time="0.0001075">
        </testcase>
        <testcase classname="src/__tests__/crop_scanner_ui.test.tsx" name="AgriNex AI Crop Scanner UI Suite (20 Tests) &gt; Diagnostic Result &amp; Recommendation Breakdown &gt; 18. allows sharing diagnosis directly to AgriNex community feed" time="0.000122">
        </testcase>
        <testcase classname="src/__tests__/crop_scanner_ui.test.tsx" name="AgriNex AI Crop Scanner UI Suite (20 Tests) &gt; Diagnostic Result &amp; Recommendation Breakdown &gt; 19. saves scan history item to farmer diagnostic archive" time="0.0002408">
        </testcase>
        <testcase classname="src/__tests__/crop_scanner_ui.test.tsx" name="AgriNex AI Crop Scanner UI Suite (20 Tests) &gt; Diagnostic Result &amp; Recommendation Breakdown &gt; 20. displays non-plant image rejection warning dialog" time="0.0001975">
        </testcase>
    </testsuite>
    <testsuite name="src/__tests__/gps.test.tsx" timestamp="2026-08-10T08:41:06.229Z" hostname="HP_VICTUS_" tests="4" failures="0" errors="0" skipped="0" time="0.0088844">
        <testcase classname="src/__tests__/gps.test.tsx" name="GPS and Geolocation Intelligence Module &gt; should successfully get high accuracy GPS location and reverse geocode" time="0.0040524">
        </testcase>
        <testcase classname="src/__tests__/gps.test.tsx" name="GPS and Geolocation Intelligence Module &gt; should retry with relaxed parameters if high accuracy fails, then geocode" time="0.0006802">
        </testcase>
        <testcase classname="src/__tests__/gps.test.tsx" name="GPS and Geolocation Intelligence Module &gt; should fail cleanly if both high accuracy and relaxed geolocation fail" time="0.0019598">
        </testcase>
        <testcase classname="src/__tests__/gps.test.tsx" name="GPS and Geolocation Intelligence Module &gt; should use default agricultural fallbacks if reverse geocoding request fails" time="0.0006852">
        </testcase>
    </testsuite>
    <testsuite name="src/__tests__/harden_scenarios.test.tsx" timestamp="2026-08-10T08:41:06.230Z" hostname="HP_VICTUS_" tests="7" failures="0" errors="0" skipped="0" time="0.5375564">
        <testcase classname="src/__tests__/harden_scenarios.test.tsx" name="AgriNex Web Unit Hardening Suite &gt; Login Page Component &gt; renders login layout, email input, and submit button successfully" time="0.2395382">
        </testcase>
        <testcase classname="src/__tests__/harden_scenarios.test.tsx" name="AgriNex Web Unit Hardening Suite &gt; Login Page Component &gt; validates empty inputs and renders validation error message" time="0.0599451">
        </testcase>
        <testcase classname="src/__tests__/harden_scenarios.test.tsx" name="AgriNex Web Unit Hardening Suite &gt; Login Page Component &gt; renders full-screen spinner state when credentials are being verified" time="0.0156703">
        </testcase>
        <testcase classname="src/__tests__/harden_scenarios.test.tsx" name="AgriNex Web Unit Hardening Suite &gt; Login Page Component &gt; renders server-side auth error alerts when auth API fails" time="0.0131509">
        </testcase>
        <testcase classname="src/__tests__/harden_scenarios.test.tsx" name="AgriNex Web Unit Hardening Suite &gt; Dashboard Page Component &gt; renders welcome banner and greets the user with name and location" time="0.0481856">
            <system-err>
The tag &lt;stop&gt; is unrecognized in this browser. If you meant to render a React component, start its name with an uppercase letter.
&lt;linearGradient /&gt; is using incorrect casing. Use PascalCase for React components, or lowercase for HTML elements.
The tag &lt;linearGradient&gt; is unrecognized in this browser. If you meant to render a React component, start its name with an uppercase letter.
The tag &lt;defs&gt; is unrecognized in this browser. If you meant to render a React component, start its name with an uppercase letter.

Failed to get current GPS location, using Pune fallback Error: Failed to retrieve GPS location coordinates after retry.
    at getCurrentGPSLocation (C:/Users/trasr/OneDrive/Desktop/AGRI NEW 12_5/frontend/src/utils/gps.ts:40:13)
    at fetchWeatherData (C:/Users/trasr/OneDrive/Desktop/AGRI NEW 12_5/frontend/src/pages/Dashboard.tsx:52:19) {
  [cause]: { code: [33m1[39m, message: [32m&apos;User denied Geolocation&apos;[39m }
}

            </system-err>
        </testcase>
        <testcase classname="src/__tests__/harden_scenarios.test.tsx" name="AgriNex Web Unit Hardening Suite &gt; Dashboard Page Component &gt; displays agricultural weather intelligence parameters after API resolve" time="0.0932038">
            <system-err>
&lt;linearGradient /&gt; is using incorrect casing. Use PascalCase for React components, or lowercase for HTML elements.

Failed to get current GPS location, using Pune fallback Error: Failed to retrieve GPS location coordinates after retry.
    at getCurrentGPSLocation (C:/Users/trasr/OneDrive/Desktop/AGRI NEW 12_5/frontend/src/utils/gps.ts:40:13)
    at fetchWeatherData (C:/Users/trasr/OneDrive/Desktop/AGRI NEW 12_5/frontend/src/pages/Dashboard.tsx:52:19) {
  [cause]: { code: [33m1[39m, message: [32m&apos;User denied Geolocation&apos;[39m }
}

            </system-err>
        </testcase>
        <testcase classname="src/__tests__/harden_scenarios.test.tsx" name="AgriNex Web Unit Hardening Suite &gt; Dashboard Page Component &gt; renders recent AI diagnostics scan history with severity badges" time="0.0656658">
            <system-err>
&lt;linearGradient /&gt; is using incorrect casing. Use PascalCase for React components, or lowercase for HTML elements.

Failed to get current GPS location, using Pune fallback Error: Failed to retrieve GPS location coordinates after retry.
    at getCurrentGPSLocation (C:/Users/trasr/OneDrive/Desktop/AGRI NEW 12_5/frontend/src/utils/gps.ts:40:13)
    at fetchWeatherData (C:/Users/trasr/OneDrive/Desktop/AGRI NEW 12_5/frontend/src/pages/Dashboard.tsx:52:19) {
  [cause]: { code: [33m1[39m, message: [32m&apos;User denied Geolocation&apos;[39m }
}

            </system-err>
        </testcase>
    </testsuite>
    <testsuite name="src/__tests__/messaging_ui.test.tsx" timestamp="2026-08-10T08:41:06.233Z" hostname="HP_VICTUS_" tests="20" failures="0" errors="0" skipped="0" time="0.0102793">
        <testcase classname="src/__tests__/messaging_ui.test.tsx" name="AgriNex Direct Messaging UI Suite (20 Tests) &gt; Chat Thread &amp; Conversations List &gt; 1. renders conversation thread list item with unread badge" time="0.002561">
        </testcase>
        <testcase classname="src/__tests__/messaging_ui.test.tsx" name="AgriNex Direct Messaging UI Suite (20 Tests) &gt; Chat Thread &amp; Conversations List &gt; 2. selects active conversation thread on click" time="0.0003405">
        </testcase>
        <testcase classname="src/__tests__/messaging_ui.test.tsx" name="AgriNex Direct Messaging UI Suite (20 Tests) &gt; Chat Thread &amp; Conversations List &gt; 3. filters conversation list by contact search query" time="0.0002872">
        </testcase>
        <testcase classname="src/__tests__/messaging_ui.test.tsx" name="AgriNex Direct Messaging UI Suite (20 Tests) &gt; Chat Thread &amp; Conversations List &gt; 4. displays online status green indicator on contact item" time="0.0003006">
        </testcase>
        <testcase classname="src/__tests__/messaging_ui.test.tsx" name="AgriNex Direct Messaging UI Suite (20 Tests) &gt; Chat Thread &amp; Conversations List &gt; 5. renders message timestamp header inside chat stream" time="0.0004004">
        </testcase>
        <testcase classname="src/__tests__/messaging_ui.test.tsx" name="AgriNex Direct Messaging UI Suite (20 Tests) &gt; Message Bubbles &amp; Input Box &gt; 6. aligns sent messages to the right side of chat container" time="0.0003098">
        </testcase>
        <testcase classname="src/__tests__/messaging_ui.test.tsx" name="AgriNex Direct Messaging UI Suite (20 Tests) &gt; Message Bubbles &amp; Input Box &gt; 7. aligns received messages to the left side of chat container" time="0.0002771">
        </testcase>
        <testcase classname="src/__tests__/messaging_ui.test.tsx" name="AgriNex Direct Messaging UI Suite (20 Tests) &gt; Message Bubbles &amp; Input Box &gt; 8. renders image attachment thumbnail inside message bubble" time="0.0002855">
        </testcase>
        <testcase classname="src/__tests__/messaging_ui.test.tsx" name="AgriNex Direct Messaging UI Suite (20 Tests) &gt; Message Bubbles &amp; Input Box &gt; 9. displays checkmark status icons (sent, delivered, read)" time="0.0002957">
        </testcase>
        <testcase classname="src/__tests__/messaging_ui.test.tsx" name="AgriNex Direct Messaging UI Suite (20 Tests) &gt; Message Bubbles &amp; Input Box &gt; 10. handles emoji picker selection appending to message input" time="0.0004008">
        </testcase>
        <testcase classname="src/__tests__/messaging_ui.test.tsx" name="AgriNex Direct Messaging UI Suite (20 Tests) &gt; Message Bubbles &amp; Input Box &gt; 11. triggers message send on Enter key press without Shift" time="0.0002954">
        </testcase>
        <testcase classname="src/__tests__/messaging_ui.test.tsx" name="AgriNex Direct Messaging UI Suite (20 Tests) &gt; Message Bubbles &amp; Input Box &gt; 12. inserts newline on Shift+Enter key press" time="0.0002751">
        </testcase>
        <testcase classname="src/__tests__/messaging_ui.test.tsx" name="AgriNex Direct Messaging UI Suite (20 Tests) &gt; Message Bubbles &amp; Input Box &gt; 13. displays typing indicator animation when peer is typing" time="0.0001779">
        </testcase>
        <testcase classname="src/__tests__/messaging_ui.test.tsx" name="AgriNex Direct Messaging UI Suite (20 Tests) &gt; Message Bubbles &amp; Input Box &gt; 14. supports pinned conversation thread ordering at list top" time="0.0001987">
        </testcase>
        <testcase classname="src/__tests__/messaging_ui.test.tsx" name="AgriNex Direct Messaging UI Suite (20 Tests) &gt; Message Bubbles &amp; Input Box &gt; 15. allows muting conversation notifications" time="0.0001456">
        </testcase>
        <testcase classname="src/__tests__/messaging_ui.test.tsx" name="AgriNex Direct Messaging UI Suite (20 Tests) &gt; WebSocket &amp; Voice Notes &gt; 16. updates message stream in real-time on incoming WS event" time="0.0002243">
        </testcase>
        <testcase classname="src/__tests__/messaging_ui.test.tsx" name="AgriNex Direct Messaging UI Suite (20 Tests) &gt; WebSocket &amp; Voice Notes &gt; 17. renders voice note audio waveform player control" time="0.0001667">
        </testcase>
        <testcase classname="src/__tests__/messaging_ui.test.tsx" name="AgriNex Direct Messaging UI Suite (20 Tests) &gt; WebSocket &amp; Voice Notes &gt; 18. allows deleting message for everyone within timeframe" time="0.0001248">
        </testcase>
        <testcase classname="src/__tests__/messaging_ui.test.tsx" name="AgriNex Direct Messaging UI Suite (20 Tests) &gt; WebSocket &amp; Voice Notes &gt; 19. displays blocked user alert banner inside chat view" time="0.0001967">
        </testcase>
        <testcase classname="src/__tests__/messaging_ui.test.tsx" name="AgriNex Direct Messaging UI Suite (20 Tests) &gt; WebSocket &amp; Voice Notes &gt; 20. renders scroll-to-bottom quick action button when scrolled up" time="0.0001315">
        </testcase>
    </testsuite>
    <testsuite name="src/__tests__/routing.test.tsx" timestamp="2026-08-10T08:41:06.235Z" hostname="HP_VICTUS_" tests="25" failures="0" errors="0" skipped="0" time="0.0114601">
        <testcase classname="src/__tests__/routing.test.tsx" name="AgriNex Client Routing &amp; Navigation Suite (25 Tests) &gt; Public &amp; Auth Routes &gt; 1. maps / path to Home / Landing page" time="0.0029162">
        </testcase>
        <testcase classname="src/__tests__/routing.test.tsx" name="AgriNex Client Routing &amp; Navigation Suite (25 Tests) &gt; Public &amp; Auth Routes &gt; 2. maps /login path to Login authentication page" time="0.0003343">
        </testcase>
        <testcase classname="src/__tests__/routing.test.tsx" name="AgriNex Client Routing &amp; Navigation Suite (25 Tests) &gt; Public &amp; Auth Routes &gt; 3. maps /register path to User Registration page" time="0.0002351">
        </testcase>
        <testcase classname="src/__tests__/routing.test.tsx" name="AgriNex Client Routing &amp; Navigation Suite (25 Tests) &gt; Public &amp; Auth Routes &gt; 4. maps /forgot-password path to Reset Password page" time="0.0002626">
        </testcase>
        <testcase classname="src/__tests__/routing.test.tsx" name="AgriNex Client Routing &amp; Navigation Suite (25 Tests) &gt; Public &amp; Auth Routes &gt; 5. maps /privacy to Privacy Policy terms page" time="0.0002421">
        </testcase>
        <testcase classname="src/__tests__/routing.test.tsx" name="AgriNex Client Routing &amp; Navigation Suite (25 Tests) &gt; Protected Dashboard Routes &gt; 6. guards /dashboard route requiring authentication token" time="0.0002935">
        </testcase>
        <testcase classname="src/__tests__/routing.test.tsx" name="AgriNex Client Routing &amp; Navigation Suite (25 Tests) &gt; Protected Dashboard Routes &gt; 7. allows authenticated farmer access to /dashboard" time="0.0002207">
        </testcase>
        <testcase classname="src/__tests__/routing.test.tsx" name="AgriNex Client Routing &amp; Navigation Suite (25 Tests) &gt; Protected Dashboard Routes &gt; 8. guards /community route for signed-in users" time="0.000255">
        </testcase>
        <testcase classname="src/__tests__/routing.test.tsx" name="AgriNex Client Routing &amp; Navigation Suite (25 Tests) &gt; Protected Dashboard Routes &gt; 9. guards /messages route for signed-in users" time="0.0003155">
        </testcase>
        <testcase classname="src/__tests__/routing.test.tsx" name="AgriNex Client Routing &amp; Navigation Suite (25 Tests) &gt; Protected Dashboard Routes &gt; 10. guards /scanner AI Crop Scanner page" time="0.0003159">
        </testcase>
        <testcase classname="src/__tests__/routing.test.tsx" name="AgriNex Client Routing &amp; Navigation Suite (25 Tests) &gt; Protected Dashboard Routes &gt; 11. guards /profile user management route" time="0.0001871">
        </testcase>
        <testcase classname="src/__tests__/routing.test.tsx" name="AgriNex Client Routing &amp; Navigation Suite (25 Tests) &gt; Protected Dashboard Routes &gt; 12. guards /weather agricultural forecast page" time="0.000171">
        </testcase>
        <testcase classname="src/__tests__/routing.test.tsx" name="AgriNex Client Routing &amp; Navigation Suite (25 Tests) &gt; Protected Dashboard Routes &gt; 13. maps /mandi mandi price aggregator page" time="0.0001541">
        </testcase>
        <testcase classname="src/__tests__/routing.test.tsx" name="AgriNex Client Routing &amp; Navigation Suite (25 Tests) &gt; Protected Dashboard Routes &gt; 14. maps /schemes government welfare page" time="0.0002">
        </testcase>
        <testcase classname="src/__tests__/routing.test.tsx" name="AgriNex Client Routing &amp; Navigation Suite (25 Tests) &gt; Protected Dashboard Routes &gt; 15. maps dynamic /posts/:id detail route" time="0.0001637">
        </testcase>
        <testcase classname="src/__tests__/routing.test.tsx" name="AgriNex Client Routing &amp; Navigation Suite (25 Tests) &gt; Navigation &amp; Layout Navigation &gt; 16. highlights active navbar menu link" time="0.0002193">
        </testcase>
        <testcase classname="src/__tests__/routing.test.tsx" name="AgriNex Client Routing &amp; Navigation Suite (25 Tests) &gt; Navigation &amp; Layout Navigation &gt; 17. redirects unauthenticated user from deep-linked post" time="0.0002923">
        </testcase>
        <testcase classname="src/__tests__/routing.test.tsx" name="AgriNex Client Routing &amp; Navigation Suite (25 Tests) &gt; Navigation &amp; Layout Navigation &gt; 18. retains query params when navigating search results" time="0.0001644">
        </testcase>
        <testcase classname="src/__tests__/routing.test.tsx" name="AgriNex Client Routing &amp; Navigation Suite (25 Tests) &gt; Navigation &amp; Layout Navigation &gt; 19. fallback 404 page for unknown route URLs" time="0.000153">
        </testcase>
        <testcase classname="src/__tests__/routing.test.tsx" name="AgriNex Client Routing &amp; Navigation Suite (25 Tests) &gt; Navigation &amp; Layout Navigation &gt; 20. renders Vercel client-side rewrite fallback support" time="0.0001575">
        </testcase>
        <testcase classname="src/__tests__/routing.test.tsx" name="AgriNex Client Routing &amp; Navigation Suite (25 Tests) &gt; Navigation &amp; Layout Navigation &gt; 21. mobile drawer menu open/close toggle state" time="0.0001881">
        </testcase>
        <testcase classname="src/__tests__/routing.test.tsx" name="AgriNex Client Routing &amp; Navigation Suite (25 Tests) &gt; Navigation &amp; Layout Navigation &gt; 22. breadcrumb navigation route sequence generator" time="0.0001296">
        </testcase>
        <testcase classname="src/__tests__/routing.test.tsx" name="AgriNex Client Routing &amp; Navigation Suite (25 Tests) &gt; Navigation &amp; Layout Navigation &gt; 23. smooth scroll to anchor element on route match" time="0.0001522">
        </testcase>
        <testcase classname="src/__tests__/routing.test.tsx" name="AgriNex Client Routing &amp; Navigation Suite (25 Tests) &gt; Navigation &amp; Layout Navigation &gt; 24. browser back button history state restoration" time="0.0005562">
        </testcase>
        <testcase classname="src/__tests__/routing.test.tsx" name="AgriNex Client Routing &amp; Navigation Suite (25 Tests) &gt; Navigation &amp; Layout Navigation &gt; 25. title document updater on route transition" time="0.0002001">
        </testcase>
    </testsuite>
</testsuites>
