<testsuites id="" name="" tests="18" failures="0" skipped="0" errors="0" time="28.453965">
<testsuite name="auth.spec.ts" timestamp="2026-08-06T15:52:42.005Z" hostname="chromium" tests="5" failures="0" skipped="0" time="55.884" errors="0">
<testcase name="AgriNex Auth E2E Test Suite › AUTH-001: User registration flow with field validation" classname="auth.spec.ts" time="11.466">
</testcase>
<testcase name="AgriNex Auth E2E Test Suite › AUTH-002: OTP verification step" classname="auth.spec.ts" time="11.682">
</testcase>
<testcase name="AgriNex Auth E2E Test Suite › AUTH-003: User login with valid credentials" classname="auth.spec.ts" time="11.093">
</testcase>
<testcase name="AgriNex Auth E2E Test Suite › AUTH-004: User logout flow clears session" classname="auth.spec.ts" time="10.523">
</testcase>
<testcase name="AgriNex Auth E2E Test Suite › AUTH-005: Forgot password email recovery request" classname="auth.spec.ts" time="11.12">
</testcase>
</testsuite>
<testsuite name="chatbot.spec.ts" timestamp="2026-08-06T15:52:42.005Z" hostname="chromium" tests="4" failures="0" skipped="0" time="18.387" errors="0">
<testcase name="AgriNex Chatbot &amp; AI Advisory E2E Test Suite › CHAT-001: Start new conversation thread" classname="chatbot.spec.ts" time="10.501">
</testcase>
<testcase name="AgriNex Chatbot &amp; AI Advisory E2E Test Suite › CHAT-002: Send advisory question to AgriGPT LLM" classname="chatbot.spec.ts" time="2.418">
</testcase>
<testcase name="AgriNex Chatbot &amp; AI Advisory E2E Test Suite › CHAT-003: Verify chat history isolation between authenticated user sessions" classname="chatbot.spec.ts" time="2.289">
</testcase>
<testcase name="AgriNex Chatbot &amp; AI Advisory E2E Test Suite › CHAT-004: Clear chat history" classname="chatbot.spec.ts" time="3.179">
</testcase>
</testsuite>
<testsuite name="community.spec.ts" timestamp="2026-08-06T15:52:42.005Z" hostname="chromium" tests="4" failures="0" skipped="0" time="11.363" errors="0">
<testcase name="AgriNex Community E2E Test Suite › COMMUNITY-001: Search registered users with live debounce filtering" classname="community.spec.ts" time="3.161">
</testcase>
<testcase name="AgriNex Community E2E Test Suite › COMMUNITY-002: Follow and Unfollow farmer user action" classname="community.spec.ts" time="3.07">
</testcase>
<testcase name="AgriNex Community E2E Test Suite › COMMUNITY-003: Create community post with content" classname="community.spec.ts" time="2.762">
</testcase>
<testcase name="AgriNex Community E2E Test Suite › COMMUNITY-004: Like and Comment on community feed posts" classname="community.spec.ts" time="2.37">
</testcase>
</testsuite>
<testsuite name="profile.spec.ts" timestamp="2026-08-06T15:52:42.005Z" hostname="chromium" tests="2" failures="0" skipped="0" time="4.431" errors="0">
<testcase name="AgriNex Profile E2E Test Suite › PROFILE-001: Edit user full name and bio profile fields" classname="profile.spec.ts" time="2.229">
</testcase>
<testcase name="AgriNex Profile E2E Test Suite › PROFILE-002: Upload avatar profile image" classname="profile.spec.ts" time="2.202">
</testcase>
</testsuite>
<testsuite name="scanner.spec.ts" timestamp="2026-08-06T15:52:42.005Z" hostname="chromium" tests="3" failures="0" skipped="0" time="7.251" errors="0">
<testcase name="AgriNex AI Scanner E2E Test Suite › SCAN-001: Upload and diagnose Healthy Leaf sample" classname="scanner.spec.ts" time="2.483">
</testcase>
<testcase name="AgriNex AI Scanner E2E Test Suite › SCAN-002: Upload and diagnose Diseased Leaf sample" classname="scanner.spec.ts" time="2.392">
</testcase>
<testcase name="AgriNex AI Scanner E2E Test Suite › SCAN-003: Non-plant image rejection verification" classname="scanner.spec.ts" time="2.376">
</testcase>
</testsuite>
</testsuites>