<?xml version="1.0" encoding="utf-8"?><testsuites name="pytest tests"><testsuite name="pytest" errors="0" failures="0" skipped="0" tests="12" time="23.812" timestamp="2026-08-17T08:31:49.917363+05:30" hostname="HP_VICTUS_"><testcase classname="tests.test_ai_disease_vision" name="test_vision_001_model_loading_warmup" time="0.066" /><testcase classname="tests.test_ai_disease_vision" name="test_vision_002_disease_detection_valid_image_url" time="0.616" /><testcase classname="tests.test_ai_disease_vision" name="test_vision_003_disease_detection_healthy_leaf" time="0.134" /><testcase classname="tests.test_ai_disease_vision" name="test_vision_004_non_plant_object_rejection" time="0.030" /><testcase classname="tests.test_ai_disease_vision" name="test_vision_005_unknown_crop_species_handling" time="0.135" /><testcase classname="tests.test_ai_disease_vision" name="test_vision_006_confidence_score_present" time="0.163" /><testcase classname="tests.test_ai_disease_vision" name="test_vision_007_inference_latency_under_1000ms" time="0.116" /><testcase classname="tests.test_ai_disease_vision" name="test_vision_008_supported_diseases_endpoint" time="0.012" /><testcase classname="tests.test_ai_disease_vision" name="test_vision_009_supported_crops_endpoint" time="0.013" /><testcase classname="tests.test_ai_disease_vision" name="test_vision_010_model_metadata_version" time="0.012" /><testcase classname="tests.test_ai_disease_vision" name="test_vision_011_accuracy_metrics_endpoint" time="0.013" /><testcase classname="tests.test_ai_disease_vision" name="test_vision_012_scan_history_endpoint" time="0.042" /></testsuite></testsuites>