<?xml version="1.0" encoding="utf-8"?><testsuites name="pytest tests"><testsuite name="pytest" errors="0" failures="0" skipped="0" tests="299" time="52.170" timestamp="2026-08-08T22:10:24.395735+05:30" hostname="HP_VICTUS_"><testcase classname="tests.test_agri_gpt" name="test_agrigpt_001_symptom_reasoning_tomato" time="0.170" /><testcase classname="tests.test_agri_gpt" name="test_agrigpt_002_symptom_reasoning_rice" time="0.058" /><testcase classname="tests.test_agri_gpt" name="test_agrigpt_003_fertilizer_calculation" time="0.057" /><testcase classname="tests.test_agri_gpt" name="test_agrigpt_004_weather_risk_advice" time="0.059" /><testcase classname="tests.test_agri_gpt" name="test_agrigpt_005_government_schemes" time="0.062" /><testcase classname="tests.test_agri_gpt" name="test_agrigpt_006_scanner_context_integration" time="0.497" /><testcase classname="tests.test_agri_gpt" name="test_agrigpt_007_conversation_history_retrieval" time="0.029" /><testcase classname="tests.test_agri_gpt" name="test_agrigpt_008_engine_direct_fallback" time="0.004" /><testcase classname="tests.test_agrinex_ai_validation" name="test_ai_001_model_loading_warmup" time="0.013" /><testcase classname="tests.test_agrinex_ai_validation" name="test_ai_002_disease_classification_valid_leaf" time="0.248" /><testcase classname="tests.test_agrinex_ai_validation" name="test_ai_003_confidence_threshold_rejection" time="0.015" /><testcase classname="tests.test_agrinex_ai_validation" name="test_ai_004_unknown_image_detection" time="0.017" /><testcase classname="tests.test_agrinex_ai_validation" name="test_ai_005_crop_recommendation_accuracy" time="0.009" /><testcase classname="tests.test_agrinex_ai_validation" name="test_ai_006_ai_advisor_nlp_response_time" time="0.015" /><testcase classname="tests.test_agrinex_backend_comprehensive" name="test_001_send_otp_flow" time="0.037" /><testcase classname="tests.test_agrinex_backend_comprehensive" name="test_002_verify_otp_flow" time="0.038" /><testcase classname="tests.test_agrinex_backend_comprehensive" name="test_003_check_account_flow" time="0.023" /><testcase classname="tests.test_agrinex_backend_comprehensive" name="test_004_google_social_login" time="0.028" /><testcase classname="tests.test_agrinex_backend_comprehensive" name="test_005_login_invalid_password" time="0.016" /><testcase classname="tests.test_agrinex_backend_comprehensive" name="test_006_get_current_user_profile" time="0.039" /><testcase classname="tests.test_agrinex_backend_comprehensive" name="test_007_update_user_profile" time="0.051" /><testcase classname="tests.test_agrinex_backend_comprehensive" name="test_008_search_users_query" time="0.021" /><testcase classname="tests.test_agrinex_backend_comprehensive" name="test_009_suggested_users" time="0.037" /><testcase classname="tests.test_agrinex_backend_comprehensive" name="test_010_create_community_post" time="0.063" /><testcase classname="tests.test_agrinex_backend_comprehensive" name="test_011_get_community_feed" time="0.022" /><testcase classname="tests.test_agrinex_backend_comprehensive" name="test_012_like_post_interaction" time="0.079" /><testcase classname="tests.test_agrinex_backend_comprehensive" name="test_013_comment_on_post" time="0.079" /><testcase classname="tests.test_agrinex_backend_comprehensive" name="test_014_save_post" time="0.073" /><testcase classname="tests.test_agrinex_backend_comprehensive" name="test_015_get_notifications" time="0.040" /><testcase classname="tests.test_agrinex_backend_comprehensive" name="test_016_get_unread_notification_count" time="0.034" /><testcase classname="tests.test_agrinex_backend_comprehensive" name="test_017_ai_chat_advisor" time="0.060" /><testcase classname="tests.test_agrinex_backend_comprehensive" name="test_018_realtime_weather_api" time="2.840" /><testcase classname="tests.test_agrinex_backend_comprehensive" name="test_019_database_and_system_health" time="0.015" /><testcase classname="tests.test_ai_agri_services" name="test_ai_001_ai_chat_general_query" time="0.096" /><testcase classname="tests.test_ai_agri_services" name="test_ai_002_ai_chat_empty_prompt_validation" time="0.064" /><testcase classname="tests.test_ai_agri_services" name="test_ai_003_crop_recommendation_sandy_loam" time="0.022" /><testcase classname="tests.test_ai_agri_services" name="test_ai_004_crop_recommendation_black_clay" time="0.022" /><testcase classname="tests.test_ai_agri_services" name="test_ai_005_fertilizer_advisory_calculation" time="0.021" /><testcase classname="tests.test_ai_agri_services" name="test_ai_006_realtime_weather_current_pune" time="2.802" /><testcase classname="tests.test_ai_agri_services" name="test_ai_007_realtime_weather_current_delhi" time="2.427" /><testcase classname="tests.test_ai_agri_services" name="test_ai_008_weather_forecast_5day" time="0.017" /><testcase classname="tests.test_ai_agri_services" name="test_ai_009_weather_spray_suitability_advisor" time="0.014" /><testcase classname="tests.test_ai_agri_services" name="test_ai_010_get_government_schemes_list" time="0.011" /><testcase classname="tests.test_ai_agri_services" name="test_ai_011_search_government_schemes_pm_kisan" time="0.010" /><testcase classname="tests.test_ai_agri_services" name="test_ai_012_filter_schemes_by_state" time="0.014" /><testcase classname="tests.test_ai_agri_services" name="test_ai_013_get_scheme_details_by_id" time="0.015" /><testcase classname="tests.test_ai_agri_services" name="test_ai_014_get_market_prices_mandi" time="0.009" /><testcase classname="tests.test_ai_agri_services" name="test_ai_015_search_market_prices_wheat" time="0.010" /><testcase classname="tests.test_ai_agri_services" name="test_ai_016_filter_market_prices_by_state" time="0.010" /><testcase classname="tests.test_ai_agri_services" name="test_ai_017_market_price_trends_historical" time="0.012" /><testcase classname="tests.test_ai_agri_services" name="test_ai_018_ai_voice_query_transcription_sim" time="0.021" /><testcase classname="tests.test_ai_agri_services" name="test_ai_019_soil_health_card_analysis" time="0.025" /><testcase classname="tests.test_ai_agri_services" name="test_ai_020_irrigation_schedule_calculator" time="0.022" /><testcase classname="tests.test_ai_agri_services" name="test_ai_021_pest_outbreak_risk_prediction" time="0.013" /><testcase classname="tests.test_ai_agri_services" name="test_ai_022_crop_yield_prediction" time="0.024" /><testcase classname="tests.test_ai_agri_services" name="test_ai_023_get_crop_calendar" time="0.011" /><testcase classname="tests.test_ai_agri_services" name="test_ai_024_organic_farming_guides" time="0.014" /><testcase classname="tests.test_ai_agri_services" name="test_ai_025_companion_planting_advisor" time="0.012" /><testcase classname="tests.test_ai_agri_services" name="test_ai_026_weed_identification_text" time="0.010" /><testcase classname="tests.test_ai_agri_services" name="test_ai_027_storage_and_preservation_tips" time="0.014" /><testcase classname="tests.test_ai_agri_services" name="test_ai_028_carbon_credit_estimation" time="0.020" /><testcase classname="tests.test_ai_agri_services" name="test_ai_029_nearest_mandi_locator" time="0.011" /><testcase classname="tests.test_ai_agri_services" name="test_ai_030_mandi_price_alert_subscription" time="0.020" /><testcase classname="tests.test_ai_agri_services" name="test_ai_031_scheme_eligibility_checker" time="0.023" /><testcase classname="tests.test_ai_agri_services" name="test_ai_032_get_trending_agricultural_news" time="0.013" /><testcase classname="tests.test_ai_agri_services" name="test_ai_033_equipment_rental_marketplace" time="0.009" /><testcase classname="tests.test_ai_agri_services" name="test_ai_034_seed_variety_database" time="0.009" /><testcase classname="tests.test_ai_agri_services" name="test_ai_035_drought_index_indicator" time="0.014" /><testcase classname="tests.test_ai_agri_services" name="test_ai_036_monsoon_arrival_forecast" time="0.009" /><testcase classname="tests.test_ai_agri_services" name="test_ai_037_crop_insurance_calculator" time="0.029" /><testcase classname="tests.test_ai_agri_services" name="test_ai_038_soil_testing_lab_finder" time="0.010" /><testcase classname="tests.test_ai_agri_services" name="test_ai_039_krishi_vigyan_kendra_contacts" time="0.009" /><testcase classname="tests.test_ai_agri_services" name="test_ai_040_agronomy_glossary" time="0.009" /><testcase classname="tests.test_ai_disease_vision" name="test_vision_001_model_loading_warmup" time="0.013" /><testcase classname="tests.test_ai_disease_vision" name="test_vision_002_disease_detection_valid_image_url" time="0.495" /><testcase classname="tests.test_ai_disease_vision" name="test_vision_003_disease_detection_healthy_leaf" time="0.206" /><testcase classname="tests.test_ai_disease_vision" name="test_vision_004_non_plant_object_rejection" time="0.032" /><testcase classname="tests.test_ai_disease_vision" name="test_vision_005_unknown_crop_species_handling" time="0.166" /><testcase classname="tests.test_ai_disease_vision" name="test_vision_006_confidence_score_present" time="0.160" /><testcase classname="tests.test_ai_disease_vision" name="test_vision_007_inference_latency_under_1000ms" time="0.166" /><testcase classname="tests.test_ai_disease_vision" name="test_vision_008_supported_diseases_endpoint" time="0.013" /><testcase classname="tests.test_ai_disease_vision" name="test_vision_009_supported_crops_endpoint" time="0.013" /><testcase classname="tests.test_ai_disease_vision" name="test_vision_010_model_metadata_version" time="0.013" /><testcase classname="tests.test_ai_disease_vision" name="test_vision_011_accuracy_metrics_endpoint" time="0.013" /><testcase classname="tests.test_ai_disease_vision" name="test_vision_012_scan_history_endpoint" time="0.036" /><testcase classname="tests.test_auth_security_jwt" name="test_auth_001_password_hashing" time="1.367" /><testcase classname="tests.test_auth_security_jwt" name="test_auth_002_jwt_token_encode_decode" time="0.009" /><testcase classname="tests.test_auth_security_jwt" name="test_auth_003_jwt_token_invalid_decode" time="0.009" /><testcase classname="tests.test_auth_security_jwt" name="test_auth_004_send_otp_valid_email" time="0.053" /><testcase classname="tests.test_auth_security_jwt" name="test_auth_005_send_otp_invalid_email_format" time="0.015" /><testcase classname="tests.test_auth_security_jwt" name="test_auth_006_send_otp_empty_payload" time="0.014" /><testcase classname="tests.test_auth_security_jwt" name="test_auth_007_verify_otp_valid_structure" time="0.032" /><testcase classname="tests.test_auth_security_jwt" name="test_auth_008_verify_otp_missing_code" time="0.013" /><testcase classname="tests.test_auth_security_jwt" name="test_auth_009_check_account_existing" time="0.015" /><testcase classname="tests.test_auth_security_jwt" name="test_auth_010_check_account_nonexisting" time="0.016" /><testcase classname="tests.test_auth_security_jwt" name="test_auth_011_google_login_valid_token" time="0.035" /><testcase classname="tests.test_auth_security_jwt" name="test_auth_012_google_login_missing_profile" time="0.013" /><testcase classname="tests.test_auth_security_jwt" name="test_auth_013_login_password_success" time="0.034" /><testcase classname="tests.test_auth_security_jwt" name="test_auth_014_login_password_incorrect" time="0.015" /><testcase classname="tests.test_auth_security_jwt" name="test_auth_015_login_nonexistent_email" time="0.015" /><testcase classname="tests.test_auth_security_jwt" name="test_auth_016_protected_route_without_token" time="0.011" /><testcase classname="tests.test_auth_security_jwt" name="test_auth_017_protected_route_malformed_token" time="0.010" /><testcase classname="tests.test_auth_security_jwt" name="test_auth_018_protected_route_valid_token" time="0.044" /><testcase classname="tests.test_auth_security_jwt" name="test_auth_019_password_reset_request" time="0.010" /><testcase classname="tests.test_auth_security_jwt" name="test_auth_020_password_reset_confirm" time="0.009" /><testcase classname="tests.test_auth_security_jwt" name="test_auth_021_refresh_token_valid" time="0.009" /><testcase classname="tests.test_auth_security_jwt" name="test_auth_022_refresh_token_expired" time="0.011" /><testcase classname="tests.test_auth_security_jwt" name="test_auth_023_auth_header_case_insensitive" time="0.042" /><testcase classname="tests.test_auth_security_jwt" name="test_auth_024_auth_header_missing_bearer_prefix" time="0.012" /><testcase classname="tests.test_auth_security_jwt" name="test_auth_025_logout_session" time="0.010" /><testcase classname="tests.test_auth_security_jwt" name="test_auth_026_register_new_user" time="0.017" /><testcase classname="tests.test_auth_security_jwt" name="test_auth_027_register_duplicate_email" time="0.015" /><testcase classname="tests.test_auth_security_jwt" name="test_auth_028_register_short_password" time="0.016" /><testcase classname="tests.test_auth_security_jwt" name="test_auth_030_resend_verification_email" time="0.008" /><testcase classname="tests.test_auth_security_jwt" name="test_auth_031_jwt_claim_user_role" time="0.007" /><testcase classname="tests.test_auth_security_jwt" name="test_auth_032_jwt_expiration_time" time="0.005" /><testcase classname="tests.test_auth_security_jwt" name="test_auth_033_user_permissions_endpoint" time="0.046" /><testcase classname="tests.test_auth_security_jwt" name="test_auth_034_session_device_tracking" time="0.035" /><testcase classname="tests.test_auth_security_jwt" name="test_auth_035_revoke_all_sessions" time="0.033" /><testcase classname="tests.test_community_social" name="test_comm_001_get_public_feed" time="0.031" /><testcase classname="tests.test_community_social" name="test_comm_002_create_basic_post" time="0.065" /><testcase classname="tests.test_community_social" name="test_comm_003_create_post_with_category_and_tags" time="0.048" /><testcase classname="tests.test_community_social" name="test_comm_004_create_post_with_image_attachment" time="0.047" /><testcase classname="tests.test_community_social" name="test_comm_005_create_empty_post_validation" time="0.026" /><testcase classname="tests.test_community_social" name="test_comm_006_get_post_by_id" time="0.065" /><testcase classname="tests.test_community_social" name="test_comm_007_get_nonexistent_post" time="0.014" /><testcase classname="tests.test_community_social" name="test_comm_008_update_own_post" time="0.082" /><testcase classname="tests.test_community_social" name="test_comm_009_delete_own_post" time="0.080" /><testcase classname="tests.test_community_social" name="test_comm_010_like_post" time="0.073" /><testcase classname="tests.test_community_social" name="test_comm_011_unlike_post" time="0.099" /><testcase classname="tests.test_community_social" name="test_comm_012_get_post_likes_list" time="0.052" /><testcase classname="tests.test_community_social" name="test_comm_013_add_comment_to_post" time="0.109" /><testcase classname="tests.test_community_social" name="test_comm_014_get_post_comments_list" time="0.092" /><testcase classname="tests.test_community_social" name="test_comm_015_delete_comment" time="0.079" /><testcase classname="tests.test_community_social" name="test_comm_016_bookmark_save_post" time="0.071" /><testcase classname="tests.test_community_social" name="test_comm_017_unbookmark_unsave_post" time="0.096" /><testcase classname="tests.test_community_social" name="test_comm_018_follow_user" time="0.020" /><testcase classname="tests.test_community_social" name="test_comm_019_unfollow_user" time="0.020" /><testcase classname="tests.test_community_social" name="test_comm_020_get_following_feed" time="0.033" /><testcase classname="tests.test_community_social" name="test_comm_021_search_posts_by_keyword" time="0.027" /><testcase classname="tests.test_community_social" name="test_comm_022_search_posts_by_category" time="0.082" /><testcase classname="tests.test_community_social" name="test_comm_023_search_posts_by_crop_type" time="0.081" /><testcase classname="tests.test_community_social" name="test_comm_024_trending_posts_list" time="0.082" /><testcase classname="tests.test_community_social" name="test_comm_025_report_post_inappropriate" time="0.060" /><testcase classname="tests.test_community_social" name="test_comm_026_share_post_counter" time="0.009" /><testcase classname="tests.test_community_social" name="test_comm_027_view_post_counter" time="0.011" /><testcase classname="tests.test_community_social" name="test_comm_028_pinned_posts_community" time="0.036" /><testcase classname="tests.test_community_social" name="test_comm_029_get_feed_pagination_cursor" time="0.039" /><testcase classname="tests.test_community_social" name="test_comm_030_get_feed_limit_exceeded" time="0.088" /><testcase classname="tests.test_community_social" name="test_comm_031_comment_like_toggle" time="0.021" /><testcase classname="tests.test_community_social" name="test_comm_032_comment_reply_nested" time="0.020" /><testcase classname="tests.test_community_social" name="test_comm_033_user_mentioned_in_post" time="0.057" /><testcase classname="tests.test_community_social" name="test_comm_034_hashtag_extraction_post" time="0.050" /><testcase classname="tests.test_community_social" name="test_comm_035_get_posts_by_hashtag" time="0.010" /><testcase classname="tests.test_community_social" name="test_comm_036_get_community_announcements" time="0.009" /><testcase classname="tests.test_community_social" name="test_comm_037_get_popular_agricultural_topics" time="0.009" /><testcase classname="tests.test_community_social" name="test_comm_038_filter_posts_by_location_region" time="0.094" /><testcase classname="tests.test_community_social" name="test_comm_039_poll_post_creation" time="0.051" /><testcase classname="tests.test_community_social" name="test_comm_040_vote_on_poll_post" time="0.020" /><testcase classname="tests.test_community_social" name="test_comm_041_get_post_analytics_owner" time="0.252" /><testcase classname="tests.test_community_social" name="test_comm_042_hide_post_from_feed" time="0.031" /><testcase classname="tests.test_community_social" name="test_comm_043_mute_user_posts" time="0.028" /><testcase classname="tests.test_community_social" name="test_comm_044_unmute_user_posts" time="0.021" /><testcase classname="tests.test_community_social" name="test_comm_045_community_rules_and_guidelines" time="0.012" /><testcase classname="tests.test_coverage_booster" name="test_booster_root_and_health" time="0.022" /><testcase classname="tests.test_coverage_booster" name="test_booster_auth_edge_cases" time="0.051" /><testcase classname="tests.test_coverage_booster" name="test_booster_otp_handling" time="0.039" /><testcase classname="tests.test_coverage_booster" name="test_booster_user_profile_management" time="0.078" /><testcase classname="tests.test_coverage_booster" name="test_booster_community_feed_and_posts" time="0.260" /><testcase classname="tests.test_coverage_booster" name="test_booster_notifications_and_social" time="0.113" /><testcase classname="tests.test_coverage_booster" name="test_booster_chat_advisory" time="0.161" /><testcase classname="tests.test_coverage_booster" name="test_booster_websocket_manager" time="0.012" /><testcase classname="tests.test_coverage_booster" name="test_booster_auth_router_more" time="0.050" /><testcase classname="tests.test_coverage_booster" name="test_booster_weather" time="3.286" /><testcase classname="tests.test_coverage_booster" name="test_booster_direct_messaging_and_blocking" time="0.824" /><testcase classname="tests.test_coverage_booster" name="test_booster_otp_expiration_and_replay" time="0.079" /><testcase classname="tests.test_coverage_booster" name="test_booster_otp_rate_limiting" time="0.039" /><testcase classname="tests.test_coverage_booster" name="test_booster_jwt_token_expiry" time="0.014" /><testcase classname="tests.test_coverage_booster" name="test_booster_refresh_token_rotation" time="0.053" /><testcase classname="tests.test_coverage_booster" name="test_booster_db_session_exception" time="0.015" /><testcase classname="tests.test_database_integration" name="test_db_001_database_engine_connection" time="0.006" /><testcase classname="tests.test_database_integration" name="test_db_002_execute_raw_select_1" time="0.013" /><testcase classname="tests.test_database_integration" name="test_db_003_database_health_check" time="0.012" /><testcase classname="tests.test_database_integration" name="test_db_004_check_table_schemas_exist" time="0.012" /><testcase classname="tests.test_database_integration" name="test_db_005_user_model_instantiation" time="0.006" /><testcase classname="tests.test_database_integration" name="test_db_006_post_model_instantiation" time="0.006" /><testcase classname="tests.test_database_integration" name="test_db_007_comment_model_instantiation" time="0.008" /><testcase classname="tests.test_database_integration" name="test_db_008_notification_model_instantiation" time="0.006" /><testcase classname="tests.test_database_integration" name="test_db_009_transaction_rollback_simulation" time="0.013" /><testcase classname="tests.test_database_integration" name="test_db_010_concurrent_read_queries" time="0.037" /><testcase classname="tests.test_database_integration" name="test_db_011_get_db_dependency_generator" time="0.006" /><testcase classname="tests.test_database_integration" name="test_db_012_model_to_dict_conversion" time="0.006" /><testcase classname="tests.test_database_integration" name="test_db_013_null_constraint_validation" time="0.006" /><testcase classname="tests.test_database_integration" name="test_db_014_unique_constraint_email" time="0.005" /><testcase classname="tests.test_database_integration" name="test_db_015_cascade_delete_post_comments" time="0.006" /><testcase classname="tests.test_database_integration" name="test_db_016_foreign_key_user_post_relationship" time="0.005" /><testcase classname="tests.test_database_integration" name="test_db_017_json_column_deserialization" time="0.006" /><testcase classname="tests.test_database_integration" name="test_db_018_datetime_created_at_default" time="0.006" /><testcase classname="tests.test_database_integration" name="test_db_019_pagination_limit_skip_query" time="0.024" /><testcase classname="tests.test_database_integration" name="test_db_020_async_session_commit_and_close" time="0.012" /><testcase classname="tests.test_database_integration" name="test_db_021_database_connection_pool_status" time="0.008" /><testcase classname="tests.test_database_integration" name="test_db_022_sqlite_pragma_foreign_keys" time="0.013" /><testcase classname="tests.test_database_integration" name="test_db_023_database_isolation_level" time="0.006" /><testcase classname="tests.test_database_integration" name="test_db_024_bulk_insert_simulation" time="0.013" /><testcase classname="tests.test_database_integration" name="test_db_025_cleanup_orphaned_sessions" time="0.005" /><testcase classname="tests.test_messaging_notifications" name="test_msg_001_get_conversations_list" time="0.057" /><testcase classname="tests.test_messaging_notifications" name="test_msg_002_start_conversation_with_user" time="0.030" /><testcase classname="tests.test_messaging_notifications" name="test_msg_003_send_message_empty_content" time="0.029" /><testcase classname="tests.test_messaging_notifications" name="test_msg_004_get_conversation_messages_by_user" time="0.022" /><testcase classname="tests.test_messaging_notifications" name="test_msg_005_mark_messages_read" time="0.023" /><testcase classname="tests.test_messaging_notifications" name="test_msg_006_get_total_unread_message_count" time="0.027" /><testcase classname="tests.test_messaging_notifications" name="test_msg_007_send_image_in_direct_message" time="0.028" /><testcase classname="tests.test_messaging_notifications" name="test_msg_008_delete_direct_message" time="0.020" /><testcase classname="tests.test_messaging_notifications" name="test_msg_009_delete_conversation_history" time="0.025" /><testcase classname="tests.test_messaging_notifications" name="test_msg_010_websocket_manager_initialization" time="0.006" /><testcase classname="tests.test_messaging_notifications" name="test_msg_011_get_notifications_list" time="0.030" /><testcase classname="tests.test_messaging_notifications" name="test_msg_012_get_unread_notification_count" time="0.030" /><testcase classname="tests.test_messaging_notifications" name="test_msg_013_mark_single_notification_read" time="0.032" /><testcase classname="tests.test_messaging_notifications" name="test_msg_014_mark_all_notifications_read" time="0.031" /><testcase classname="tests.test_messaging_notifications" name="test_msg_015_delete_notification" time="0.021" /><testcase classname="tests.test_messaging_notifications" name="test_msg_016_clear_all_notifications" time="0.026" /><testcase classname="tests.test_messaging_notifications" name="test_msg_017_notification_preferences" time="0.023" /><testcase classname="tests.test_messaging_notifications" name="test_msg_018_update_notification_preferences" time="0.023" /><testcase classname="tests.test_messaging_notifications" name="test_msg_019_register_push_device_token" time="0.021" /><testcase classname="tests.test_messaging_notifications" name="test_msg_020_unregister_push_device_token" time="0.024" /><testcase classname="tests.test_messaging_notifications" name="test_msg_021_pin_conversation" time="0.020" /><testcase classname="tests.test_messaging_notifications" name="test_msg_022_unpin_conversation" time="0.021" /><testcase classname="tests.test_messaging_notifications" name="test_msg_023_mute_conversation_notifications" time="0.022" /><testcase classname="tests.test_messaging_notifications" name="test_msg_024_unmute_conversation_notifications" time="0.027" /><testcase classname="tests.test_messaging_notifications" name="test_msg_025_archive_conversation" time="0.023" /><testcase classname="tests.test_messaging_notifications" name="test_msg_026_get_archived_conversations" time="0.023" /><testcase classname="tests.test_messaging_notifications" name="test_msg_027_send_voice_note_message" time="0.030" /><testcase classname="tests.test_messaging_notifications" name="test_msg_028_typing_indicator_start" time="0.021" /><testcase classname="tests.test_messaging_notifications" name="test_msg_029_typing_indicator_stop" time="0.021" /><testcase classname="tests.test_messaging_notifications" name="test_msg_030_reaction_to_message" time="0.024" /><testcase classname="tests.test_messaging_notifications" name="test_msg_031_search_message_content" time="0.036" /><testcase classname="tests.test_messaging_notifications" name="test_msg_032_get_online_users_status" time="0.026" /><testcase classname="tests.test_messaging_notifications" name="test_msg_033_broadcast_announcement_system" time="0.022" /><testcase classname="tests.test_messaging_notifications" name="test_msg_034_report_message_abuse" time="0.021" /><testcase classname="tests.test_messaging_notifications" name="test_msg_035_websocket_disconnect_clean_up" time="0.008" /><testcase classname="tests.test_security_vulnerabilities" name="test_sec_001_sqli_payload_in_login_email" time="0.018" /><testcase classname="tests.test_security_vulnerabilities" name="test_sec_002_sqli_payload_in_search_query" time="0.024" /><testcase classname="tests.test_security_vulnerabilities" name="test_sec_003_sqli_payload_in_post_id" time="0.013" /><testcase classname="tests.test_security_vulnerabilities" name="test_sec_004_xss_script_injection_in_post_content" time="0.015" /><testcase classname="tests.test_security_vulnerabilities" name="test_sec_005_xss_svg_onload_payload" time="0.013" /><testcase classname="tests.test_security_vulnerabilities" name="test_sec_006_xss_img_onerror_payload" time="0.015" /><testcase classname="tests.test_security_vulnerabilities" name="test_sec_007_cors_headers_wildcard_check" time="0.009" /><testcase classname="tests.test_security_vulnerabilities" name="test_sec_008_auth_header_null_byte_injection" time="0.012" /><testcase classname="tests.test_security_vulnerabilities" name="test_sec_009_http_parameter_pollution" time="0.062" /><testcase classname="tests.test_security_vulnerabilities" name="test_sec_010_path_traversal_avatar_filename" time="0.013" /><testcase classname="tests.test_security_vulnerabilities" name="test_sec_011_path_traversal_win_style" time="0.010" /><testcase classname="tests.test_security_vulnerabilities" name="test_sec_012_large_json_payload_dos" time="0.041" /><testcase classname="tests.test_security_vulnerabilities" name="test_sec_013_invalid_content_type_header" time="0.019" /><testcase classname="tests.test_security_vulnerabilities" name="test_sec_014_jwt_none_algorithm_bypass" time="0.013" /><testcase classname="tests.test_security_vulnerabilities" name="test_sec_015_jwt_rs256_to_hs256_alg_tampering" time="0.016" /><testcase classname="tests.test_security_vulnerabilities" name="test_sec_016_sqli_comment_injection" time="0.017" /><testcase classname="tests.test_security_vulnerabilities" name="test_sec_017_xss_javascript_uri_scheme" time="0.009" /><testcase classname="tests.test_security_vulnerabilities" name="test_sec_018_open_redirect_protection" time="0.009" /><testcase classname="tests.test_security_vulnerabilities" name="test_sec_019_rate_limiting_otp_spam" time="0.063" /><testcase classname="tests.test_security_vulnerabilities" name="test_sec_020_security_response_headers_present" time="0.013" /><testcase classname="tests.test_security_vulnerabilities" name="test_sec_021_http_method_override_header" time="0.012" /><testcase classname="tests.test_security_vulnerabilities" name="test_sec_022_xml_external_entity_xxe_payload" time="0.014" /><testcase classname="tests.test_security_vulnerabilities" name="test_sec_023_host_header_injection" time="0.014" /><testcase classname="tests.test_security_vulnerabilities" name="test_sec_024_command_injection_shell_characters" time="0.020" /><testcase classname="tests.test_security_vulnerabilities" name="test_sec_025_crlf_header_injection" time="0.012" /><testcase classname="tests.test_security_vulnerabilities" name="test_sec_026_clickjacking_x_frame_options" time="0.014" /><testcase classname="tests.test_security_vulnerabilities" name="test_sec_027_ssrf_url_fetch_protection" time="0.016" /><testcase classname="tests.test_security_vulnerabilities" name="test_sec_028_session_fixation_protection" time="0.014" /><testcase classname="tests.test_security_vulnerabilities" name="test_sec_029_sensitive_data_exposure_in_error_logs" time="0.009" /><testcase classname="tests.test_security_vulnerabilities" name="test_sec_030_brute_force_prevention_status" time="0.016" /><testcase classname="tests.test_user_profile" name="test_profile_001_get_my_profile" time="0.056" /><testcase classname="tests.test_user_profile" name="test_profile_002_update_full_name" time="0.051" /><testcase classname="tests.test_user_profile" name="test_profile_003_update_bio_and_village" time="0.054" /><testcase classname="tests.test_user_profile" name="test_profile_004_update_crop_specialization" time="0.056" /><testcase classname="tests.test_user_profile" name="test_profile_006_update_avatar_url" time="0.039" /><testcase classname="tests.test_user_profile" name="test_profile_007_upload_avatar_image_file" time="0.021" /><testcase classname="tests.test_user_profile" name="test_profile_008_get_profile_by_id" time="0.032" /><testcase classname="tests.test_user_profile" name="test_profile_009_get_nonexistent_user_profile" time="0.012" /><testcase classname="tests.test_user_profile" name="test_profile_010_search_users_query" time="0.022" /><testcase classname="tests.test_user_profile" name="test_profile_011_search_users_empty_query" time="0.013" /><testcase classname="tests.test_user_profile" name="test_profile_012_suggested_users_list" time="0.044" /><testcase classname="tests.test_user_profile" name="test_profile_013_get_user_settings" time="0.021" /><testcase classname="tests.test_user_profile" name="test_profile_014_update_user_settings_push_notifications" time="0.022" /><testcase classname="tests.test_user_profile" name="test_profile_015_update_user_language_preference" time="0.022" /><testcase classname="tests.test_user_profile" name="test_profile_016_get_user_followers_count" time="0.033" /><testcase classname="tests.test_user_profile" name="test_profile_017_get_user_following_count" time="0.039" /><testcase classname="tests.test_user_profile" name="test_profile_018_get_user_posts" time="0.036" /><testcase classname="tests.test_user_profile" name="test_profile_019_get_user_activity_log" time="0.022" /><testcase classname="tests.test_user_profile" name="test_profile_020_verify_farmer_badge_status" time="0.024" /><testcase classname="tests.test_user_profile" name="test_profile_021_request_farmer_verification" time="0.021" /><testcase classname="tests.test_user_profile" name="test_profile_022_update_location_coordinates" time="0.023" /><testcase classname="tests.test_user_profile" name="test_profile_023_get_saved_posts_list" time="0.024" /><testcase classname="tests.test_user_profile" name="test_profile_024_get_liked_posts_list" time="0.024" /><testcase classname="tests.test_user_profile" name="test_profile_025_update_privacy_setting_private_account" time="0.021" /><testcase classname="tests.test_user_profile" name="test_profile_026_block_user" time="0.021" /><testcase classname="tests.test_user_profile" name="test_profile_027_unblock_user" time="0.019" /><testcase classname="tests.test_user_profile" name="test_profile_028_get_blocked_users_list" time="0.019" /><testcase classname="tests.test_user_profile" name="test_profile_029_export_user_data_privacy" time="0.020" /><testcase classname="tests.test_user_profile" name="test_profile_030_delete_user_account" time="0.019" /></testsuite></testsuites>