<?xml version="1.0" encoding="utf-8"?><testsuites name="pytest tests"><testsuite name="pytest" errors="0" failures="0" skipped="0" tests="8" time="65.648" timestamp="2026-08-07T17:26:16.088139+05:30" hostname="HP_VICTUS_"><testcase classname="tests.test_agri_gpt" name="test_agrigpt_001_symptom_reasoning_tomato" time="2.664" /><testcase classname="tests.test_agri_gpt" name="test_agrigpt_002_symptom_reasoning_rice" time="0.342" /><testcase classname="tests.test_agri_gpt" name="test_agrigpt_003_fertilizer_calculation" time="0.340" /><testcase classname="tests.test_agri_gpt" name="test_agrigpt_004_weather_risk_advice" time="0.350" /><testcase classname="tests.test_agri_gpt" name="test_agrigpt_005_government_schemes" time="0.333" /><testcase classname="tests.test_agri_gpt" name="test_agrigpt_006_scanner_context_integration" time="2.900" /><testcase classname="tests.test_agri_gpt" name="test_agrigpt_007_conversation_history_retrieval" time="0.152" /><testcase classname="tests.test_agri_gpt" name="test_agrigpt_008_engine_direct_fallback" time="0.064" /></testsuite></testsuites>