<?xml version="1.0" encoding="utf-8"?><testsuites name="pytest tests"><testsuite name="pytest" errors="0" failures="0" skipped="0" tests="63" time="26.493" timestamp="2026-08-19T16:20:12.971292+05:30" hostname="HP_VICTUS_"><testcase classname="tests.test_auth_security_jwt" name="test_auth_001_password_hashing" time="0.387" /><testcase classname="tests.test_auth_security_jwt" name="test_auth_002_jwt_token_encode_decode" time="0.009" /><testcase classname="tests.test_auth_security_jwt" name="test_auth_003_jwt_token_invalid_decode" time="0.008" /><testcase classname="tests.test_auth_security_jwt" name="test_auth_004_send_otp_valid_email" time="0.107" /><testcase classname="tests.test_auth_security_jwt" name="test_auth_005_send_otp_invalid_email_format" time="0.023" /><testcase classname="tests.test_auth_security_jwt" name="test_auth_006_send_otp_empty_payload" time="0.021" /><testcase classname="tests.test_auth_security_jwt" name="test_auth_007_verify_otp_valid_structure" time="0.047" /><testcase classname="tests.test_auth_security_jwt" name="test_auth_008_verify_otp_missing_code" time="0.018" /><testcase classname="tests.test_auth_security_jwt" name="test_auth_009_check_account_existing" time="0.022" /><testcase classname="tests.test_auth_security_jwt" name="test_auth_010_check_account_nonexisting" time="0.026" /><testcase classname="tests.test_auth_security_jwt" name="test_auth_011_google_login_valid_token" time="0.021" /><testcase classname="tests.test_auth_security_jwt" name="test_auth_012_google_login_missing_profile" time="0.013" /><testcase classname="tests.test_auth_security_jwt" name="test_auth_013_login_password_success" time="0.016" /><testcase classname="tests.test_auth_security_jwt" name="test_auth_014_login_password_incorrect" time="0.017" /><testcase classname="tests.test_auth_security_jwt" name="test_auth_015_login_nonexistent_email" time="0.019" /><testcase classname="tests.test_auth_security_jwt" name="test_auth_016_protected_route_without_token" time="0.016" /><testcase classname="tests.test_auth_security_jwt" name="test_auth_017_protected_route_malformed_token" time="0.017" /><testcase classname="tests.test_auth_security_jwt" name="test_auth_018_protected_route_valid_token" time="0.063" /><testcase classname="tests.test_auth_security_jwt" name="test_auth_019_password_reset_request" time="0.014" /><testcase classname="tests.test_auth_security_jwt" name="test_auth_020_password_reset_confirm" time="0.015" /><testcase classname="tests.test_auth_security_jwt" name="test_auth_021_refresh_token_valid" time="0.014" /><testcase classname="tests.test_auth_security_jwt" name="test_auth_022_refresh_token_expired" time="0.015" /><testcase classname="tests.test_auth_security_jwt" name="test_auth_023_auth_header_case_insensitive" time="0.041" /><testcase classname="tests.test_auth_security_jwt" name="test_auth_024_auth_header_missing_bearer_prefix" time="0.019" /><testcase classname="tests.test_auth_security_jwt" name="test_auth_025_logout_session" time="0.014" /><testcase classname="tests.test_auth_security_jwt" name="test_auth_026_register_new_user" time="0.027" /><testcase classname="tests.test_auth_security_jwt" name="test_auth_027_register_duplicate_email" time="0.024" /><testcase classname="tests.test_auth_security_jwt" name="test_auth_028_register_short_password" time="0.022" /><testcase classname="tests.test_auth_security_jwt" name="test_auth_030_resend_verification_email" time="0.014" /><testcase classname="tests.test_auth_security_jwt" name="test_auth_031_jwt_claim_user_role" time="0.009" /><testcase classname="tests.test_auth_security_jwt" name="test_auth_032_jwt_expiration_time" time="0.009" /><testcase classname="tests.test_auth_security_jwt" name="test_auth_033_user_permissions_endpoint" time="0.027" /><testcase classname="tests.test_auth_security_jwt" name="test_auth_034_session_device_tracking" time="0.026" /><testcase classname="tests.test_auth_security_jwt" name="test_auth_035_revoke_all_sessions" time="0.020" /><testcase classname="tests.test_user_profile" name="test_profile_001_get_my_profile" time="0.031" /><testcase classname="tests.test_user_profile" name="test_profile_002_update_full_name" time="0.042" /><testcase classname="tests.test_user_profile" name="test_profile_003_update_bio_and_village" time="0.039" /><testcase classname="tests.test_user_profile" name="test_profile_004_update_crop_specialization" time="0.050" /><testcase classname="tests.test_user_profile" name="test_profile_006_update_avatar_url" time="0.044" /><testcase classname="tests.test_user_profile" name="test_profile_007_upload_avatar_image_file" time="0.042" /><testcase classname="tests.test_user_profile" name="test_profile_008_get_profile_by_id" time="0.058" /><testcase classname="tests.test_user_profile" name="test_profile_009_get_nonexistent_user_profile" time="0.013" /><testcase classname="tests.test_user_profile" name="test_profile_010_search_users_query" time="0.039" /><testcase classname="tests.test_user_profile" name="test_profile_011_search_users_empty_query" time="0.082" /><testcase classname="tests.test_user_profile" name="test_profile_012_suggested_users_list" time="0.073" /><testcase classname="tests.test_user_profile" name="test_profile_013_get_user_settings" time="0.029" /><testcase classname="tests.test_user_profile" name="test_profile_014_update_user_settings_push_notifications" time="0.031" /><testcase classname="tests.test_user_profile" name="test_profile_015_update_user_language_preference" time="0.030" /><testcase classname="tests.test_user_profile" name="test_profile_016_get_user_followers_count" time="0.053" /><testcase classname="tests.test_user_profile" name="test_profile_017_get_user_following_count" time="0.053" /><testcase classname="tests.test_user_profile" name="test_profile_018_get_user_posts" time="0.047" /><testcase classname="tests.test_user_profile" name="test_profile_019_get_user_activity_log" time="0.033" /><testcase classname="tests.test_user_profile" name="test_profile_020_verify_farmer_badge_status" time="0.031" /><testcase classname="tests.test_user_profile" name="test_profile_021_request_farmer_verification" time="0.028" /><testcase classname="tests.test_user_profile" name="test_profile_022_update_location_coordinates" time="0.021" /><testcase classname="tests.test_user_profile" name="test_profile_023_get_saved_posts_list" time="0.025" /><testcase classname="tests.test_user_profile" name="test_profile_024_get_liked_posts_list" time="0.031" /><testcase classname="tests.test_user_profile" name="test_profile_025_update_privacy_setting_private_account" time="0.021" /><testcase classname="tests.test_user_profile" name="test_profile_026_block_user" time="0.020" /><testcase classname="tests.test_user_profile" name="test_profile_027_unblock_user" time="0.026" /><testcase classname="tests.test_user_profile" name="test_profile_028_get_blocked_users_list" time="0.028" /><testcase classname="tests.test_user_profile" name="test_profile_029_export_user_data_privacy" time="0.027" /><testcase classname="tests.test_user_profile" name="test_profile_030_delete_user_account" time="0.027" /></testsuite></testsuites>